2023-08-31 14:09:17,420 - __main__ - INFO - Products printed: %s
2023-08-31 14:09:24,753 - __main__ - INFO - Products printed: %s
2023-08-31 14:09:28,527 - __main__ - INFO - Product added: Milk
2023-08-31 14:11:33,373 - __main__ - INFO - Product added to store: Coca Cola
2023-08-31 14:12:01,312 - __main__ - INFO - Product added to cart: Eggs
2023-08-31 14:12:11,299 - __main__ - INFO - Product added to cart: Coffee
2023-08-31 14:16:07,080 - __main__ - INFO - Product added to cart: Eggs
2023-08-31 14:16:14,351 - __main__ - WARNING - New order: 13.600000000000001
2023-08-31 14:20:56,465 - __main__ - WARNING - Product added to store: chocolate
2023-08-31 14:21:03,134 - __main__ - INFO - saved data: %s
2023-08-31 14:21:03,134 - __main__ - INFO - saved data: %s
2023-08-31 14:21:36,490 - __main__ - INFO - saved data
2023-08-31 14:21:36,494 - __main__ - INFO - saved data
2023-08-31 14:23:59,440 - __main__ - WARNING - Product added to store: Ore
2023-08-31 14:24:04,394 - __main__ - INFO - saved data: %s
2023-08-31 14:24:04,394 - __main__ - INFO - saved data: %s
2023-08-31 14:24:18,260 - __main__ - ERROR - Cart is empty %s
2023-08-31 14:24:22,095 - __main__ - ERROR - Cart is empty %s
2023-08-31 14:24:27,846 - __main__ - ERROR - Product not found in the list %s
2023-08-31 14:24:44,930 - __main__ - ERROR - Product not found in the list %s
2023-08-31 14:24:47,870 - __main__ - INFO - Product added to cart: Eggs
2023-08-31 14:25:02,450 - __main__ - INFO - Product added to cart: Coffee
2023-08-31 14:25:08,238 - __main__ - WARNING - New order: 6.7
2023-08-31 14:25:12,100 - __main__ - INFO - saved data: %s
